<?xml version="1.0" encoding="UTF-8"?>
<!-- Generated by org.testng.reporters.JUnitReportReporter -->
<testsuite skipped="0" hostname="vmWCO" name="Tests.NieudaneLogowanieWCO" tests="1" failures="0" timestamp="2020-10-13T13:14:00 CEST" time="7.613" errors="0">
  <testcase name="test" time="7.613" classname="Tests.NieudaneLogowanieWCO"/>
</testsuite> <!-- Tests.NieudaneLogowanieWCO -->
