<?xml version="1.0" encoding="UTF-8"?>
<!-- Generated by org.testng.reporters.JUnitReportReporter -->
<testsuite skipped="0" hostname="vmWCO" name="Tests.DodanieRoliDoGrupy" tests="1" failures="0" timestamp="2020-10-13T13:15:30 CEST" time="11.564" errors="0">
  <testcase name="test" time="11.564" classname="Tests.DodanieRoliDoGrupy"/>
</testsuite> <!-- Tests.DodanieRoliDoGrupy -->
