<?xml version="1.0" encoding="UTF-8"?>
<!-- Generated by org.testng.reporters.JUnitReportReporter -->
<testsuite skipped="0" hostname="vmWCO" name="Tests.UsuniecieRoliZGrupy" tests="1" failures="0" timestamp="2020-10-13T13:22:13 CEST" time="10.984" errors="0">
  <testcase name="test" time="10.984" classname="Tests.UsuniecieRoliZGrupy"/>
</testsuite> <!-- Tests.UsuniecieRoliZGrupy -->
