<?xml version="1.0" encoding="UTF-8"?>
<!-- Generated by org.testng.reporters.JUnitReportReporter -->
<testsuite skipped="0" hostname="vmWCO" name="Tests.DodanieRoliDlaUsera" tests="1" failures="0" timestamp="2020-10-13T13:15:15 CEST" time="17.122" errors="0">
  <testcase name="test" time="17.122" classname="Tests.DodanieRoliDlaUsera"/>
</testsuite> <!-- Tests.DodanieRoliDlaUsera -->
