<?xml version="1.0" encoding="UTF-8"?>
<!-- Generated by org.testng.reporters.JUnitReportReporter -->
<testsuite skipped="0" hostname="vmWCO" name="Tests.WyszukiwanieUsera" tests="1" failures="0" timestamp="2020-10-13T13:15:56 CEST" time="8.475" errors="0">
  <testcase name="test" time="8.475" classname="Tests.WyszukiwanieUsera"/>
</testsuite> <!-- Tests.WyszukiwanieUsera -->
