<?xml version="1.0" encoding="UTF-8"?>
<!-- Generated by org.testng.reporters.JUnitReportReporter -->
<testsuite skipped="0" hostname="vmWCO" name="Tests.DodanieTaguDoNagrania" tests="1" failures="0" timestamp="2020-10-13T13:17:29 CEST" time="10.212" errors="0">
  <testcase name="test" time="10.212" classname="Tests.DodanieTaguDoNagrania"/>
</testsuite> <!-- Tests.DodanieTaguDoNagrania -->
