<?xml version="1.0" encoding="UTF-8"?>
<!-- Generated by org.testng.reporters.JUnitReportReporter -->
<testsuite skipped="0" hostname="vmWCO" name="Tests.SprzedazFunkcjonalnosciPrezentacjiGlownymNumerem" tests="1" failures="0" timestamp="2020-10-13T13:18:20 CEST" time="19.448" errors="0">
  <testcase name="test" time="19.448" classname="Tests.SprzedazFunkcjonalnosciPrezentacjiGlownymNumerem"/>
</testsuite> <!-- Tests.SprzedazFunkcjonalnosciPrezentacjiGlownymNumerem -->
