<?xml version="1.0" encoding="UTF-8"?>
<!-- Generated by org.testng.reporters.JUnitReportReporter -->
<testsuite skipped="0" hostname="vmWCO" name="Tests.DodanieUprawnieniaDoRoli" tests="1" failures="0" timestamp="2020-10-13T13:15:45 CEST" time="12.191" errors="0">
  <testcase name="test" time="12.191" classname="Tests.DodanieUprawnieniaDoRoli"/>
</testsuite> <!-- Tests.DodanieUprawnieniaDoRoli -->
