<?xml version="1.0" encoding="UTF-8"?>
<!-- Generated by org.testng.reporters.JUnitReportReporter -->
<testsuite skipped="0" hostname="vmWCO" name="Tests.EdycjaGrupy" tests="1" failures="0" timestamp="2020-10-13T13:22:00 CEST" time="11.233" errors="0">
  <testcase name="test" time="11.233" classname="Tests.EdycjaGrupy"/>
</testsuite> <!-- Tests.EdycjaGrupy -->
