<?xml version="1.0" encoding="UTF-8"?>
<!-- Generated by org.testng.reporters.JUnitReportReporter -->
<testsuite skipped="0" hostname="vmWCO" name="Tests.EdycjaRoli" tests="1" failures="0" timestamp="2020-10-13T13:21:46 CEST" time="11.753" errors="0">
  <testcase name="test" time="11.753" classname="Tests.EdycjaRoli"/>
</testsuite> <!-- Tests.EdycjaRoli -->
