<?xml version="1.0" encoding="UTF-8"?>
<!-- Generated by org.testng.reporters.JUnitReportReporter -->
<testsuite skipped="0" hostname="vmWCO" name="Tests.ZakupDodatkowegoPakietuZeSklepu" tests="1" failures="0" timestamp="2020-10-13T13:17:57 CEST" time="10.423" errors="0">
  <testcase name="test" time="10.423" classname="Tests.ZakupDodatkowegoPakietuZeSklepu"/>
</testsuite> <!-- Tests.ZakupDodatkowegoPakietuZeSklepu -->
