<?xml version="1.0" encoding="UTF-8"?>
<!-- Generated by org.testng.reporters.JUnitReportReporter -->
<testsuite skipped="0" hostname="vmWCO" name="Tests.DodanieNowejGrupy" tests="1" failures="0" timestamp="2020-10-13T13:14:26 CEST" time="11.336" errors="0">
  <testcase name="test" time="11.336" classname="Tests.DodanieNowejGrupy"/>
</testsuite> <!-- Tests.DodanieNowejGrupy -->
