<?xml version="1.0" encoding="UTF-8"?>
<!-- Generated by org.testng.reporters.JUnitReportReporter -->
<testsuite skipped="0" hostname="vmWCO" name="Tests.PoprawneLogowanieTest" tests="1" failures="0" timestamp="2020-10-13T13:14:11 CEST" time="8.143" errors="0">
  <testcase name="test" time="8.143" classname="Tests.PoprawneLogowanieTest"/>
</testsuite> <!-- Tests.PoprawneLogowanieTest -->
